<?xml version="1.0" encoding="UTF-8"?>
<!-- Generated by org.testng.reporters.JUnitReportReporter -->
<testsuite skipped="0" hostname="DESKTOP-HGGBPMG" name="FrameworkApp.Sample.LoginScript" tests="4" failures="0" timestamp="15 Sep 2018 03:27:07 GMT" time="4.065" errors="0">
  <testcase name="loginapp" time="0.679" classname="FrameworkApp.Sample.LoginScript"/>
  <testcase name="loginapp" time="1.106" classname="FrameworkApp.Sample.LoginScript"/>
  <testcase name="loginapp" time="0.752" classname="FrameworkApp.Sample.LoginScript"/>
  <testcase name="loginapp" time="1.528" classname="FrameworkApp.Sample.LoginScript"/>
</testsuite> <!-- FrameworkApp.Sample.LoginScript -->
