<?xml version="1.0" encoding="UTF-8"?>
<!-- Generated by org.testng.reporters.JUnitReportReporter -->
<testsuite skipped="1" hostname="DESKTOP-HGGBPMG" name="FrameworkApp.Sample.LoginScript" tests="1" failures="0" timestamp="21 Aug 2018 17:22:48 GMT" time="0.000" errors="0">
  <testcase name="loginapp" time="0.000" classname="FrameworkApp.Sample.LoginScript">
    <skipped/>
  </testcase> <!-- loginapp -->
</testsuite> <!-- FrameworkApp.Sample.LoginScript -->
