<?xml version="1.0" encoding="UTF-8"?>
<!-- Generated by org.testng.reporters.JUnitReportReporter -->
<testsuite skipped="0" hostname="DESKTOP-HGGBPMG" name="FrameworkApp.Sample.LoginScript" tests="4" failures="0" timestamp="15 Sep 2018 06:21:27 GMT" time="2.924" errors="0">
  <testcase name="loginapp" time="0.855" classname="FrameworkApp.Sample.LoginScript"/>
  <testcase name="loginapp" time="0.539" classname="FrameworkApp.Sample.LoginScript"/>
  <testcase name="loginapp" time="0.520" classname="FrameworkApp.Sample.LoginScript"/>
  <testcase name="loginapp" time="1.010" classname="FrameworkApp.Sample.LoginScript"/>
</testsuite> <!-- FrameworkApp.Sample.LoginScript -->
